<?xml version="1.0" encoding="UTF-8"?>
<!-- Generated by org.testng.reporters.JUnitReportReporter -->
<testsuite skipped="0" hostname="Adekoyas-MacBook-Pro.local" name="com.target.test.TargetHomePageTest" tests="1" failures="0" timestamp="13 Sep 2021 13:26:51 GMT" time="0.933" errors="0">
  <testcase name="init" time="0.933" classname="com.target.test.TargetHomePageTest"/>
</testsuite> <!-- com.target.test.TargetHomePageTest -->
